{"C:\\Users\\erhar\\bootcamp\\exercises\\JS\\Node\\express-biztime\\app.js": {"path":"C:\\Users\\erhar\\bootcamp\\exercises\\JS\\Node\\express-biztime\\app.js","statementMap":{"0":{"start":{"line":3,"column":16},"end":{"line":3,"column":34}},"1":{"start":{"line":5,"column":12},"end":{"line":5,"column":21}},"2":{"start":{"line":6,"column":21},"end":{"line":6,"column":46}},"3":{"start":{"line":8,"column":18},"end":{"line":8,"column":47}},"4":{"start":{"line":9,"column":17},"end":{"line":9,"column":45}},"5":{"start":{"line":11,"column":0},"end":{"line":11,"column":24}},"6":{"start":{"line":15,"column":0},"end":{"line":15,"column":33}},"7":{"start":{"line":16,"column":0},"end":{"line":16,"column":31}},"8":{"start":{"line":20,"column":0},"end":{"line":23,"column":3}},"9":{"start":{"line":21,"column":14},"end":{"line":21,"column":48}},"10":{"start":{"line":22,"column":2},"end":{"line":22,"column":19}},"11":{"start":{"line":27,"column":0},"end":{"line":34,"column":3}},"12":{"start":{"line":28,"column":2},"end":{"line":28,"column":32}},"13":{"start":{"line":30,"column":2},"end":{"line":33,"column":5}},"14":{"start":{"line":36,"column":15},"end":{"line":38,"column":2}},"15":{"start":{"line":37,"column":2},"end":{"line":37,"column":48}},"16":{"start":{"line":40,"column":0},"end":{"line":40,"column":33}}},"fnMap":{"0":{"name":"(anonymous_0)","decl":{"start":{"line":20,"column":8},"end":{"line":20,"column":9}},"loc":{"start":{"line":20,"column":34},"end":{"line":23,"column":1}},"line":20},"1":{"name":"(anonymous_1)","decl":{"start":{"line":27,"column":8},"end":{"line":27,"column":9}},"loc":{"start":{"line":27,"column":33},"end":{"line":34,"column":1}},"line":27},"2":{"name":"(anonymous_2)","decl":{"start":{"line":36,"column":32},"end":{"line":36,"column":33}},"loc":{"start":{"line":36,"column":38},"end":{"line":38,"column":1}},"line":36}},"branchMap":{"0":{"loc":{"start":{"line":28,"column":13},"end":{"line":28,"column":30}},"type":"binary-expr","locations":[{"start":{"line":28,"column":13},"end":{"line":28,"column":23}},{"start":{"line":28,"column":27},"end":{"line":28,"column":30}}],"line":28}},"s":{"0":2,"1":2,"2":2,"3":2,"4":2,"5":2,"6":2,"7":2,"8":2,"9":0,"10":0,"11":2,"12":6,"13":6,"14":2,"15":2,"16":2},"f":{"0":0,"1":6,"2":2},"b":{"0":[6,0]},"_coverageSchema":"1a1c01bbd47fc00a2c39e90264f33305004495a9","hash":"01c77638d3e1512d9e5ce5d6a206cae69f028478"}
,"C:\\Users\\erhar\\bootcamp\\exercises\\JS\\Node\\express-biztime\\db.js": {"path":"C:\\Users\\erhar\\bootcamp\\exercises\\JS\\Node\\express-biztime\\db.js","statementMap":{"0":{"start":{"line":3,"column":19},"end":{"line":3,"column":32}},"1":{"start":{"line":7,"column":0},"end":{"line":11,"column":1}},"2":{"start":{"line":8,"column":2},"end":{"line":8,"column":39}},"3":{"start":{"line":10,"column":2},"end":{"line":10,"column":35}},"4":{"start":{"line":13,"column":9},"end":{"line":15,"column":2}},"5":{"start":{"line":17,"column":0},"end":{"line":17,"column":12}},"6":{"start":{"line":19,"column":0},"end":{"line":19,"column":19}}},"fnMap":{},"branchMap":{"0":{"loc":{"start":{"line":7,"column":0},"end":{"line":11,"column":1}},"type":"if","locations":[{"start":{"line":7,"column":0},"end":{"line":11,"column":1}},{"start":{"line":9,"column":7},"end":{"line":11,"column":1}}],"line":7}},"s":{"0":2,"1":2,"2":2,"3":0,"4":2,"5":2,"6":2},"f":{},"b":{"0":[2,0]},"_coverageSchema":"1a1c01bbd47fc00a2c39e90264f33305004495a9","hash":"5fd9e3dfbdc32f7f1f5e6910662cde58368bc065"}
,"C:\\Users\\erhar\\bootcamp\\exercises\\JS\\Node\\express-biztime\\expressError.js": {"path":"C:\\Users\\erhar\\bootcamp\\exercises\\JS\\Node\\express-biztime\\expressError.js","statementMap":{"0":{"start":{"line":9,"column":4},"end":{"line":9,"column":12}},"1":{"start":{"line":10,"column":4},"end":{"line":10,"column":27}},"2":{"start":{"line":11,"column":4},"end":{"line":11,"column":25}},"3":{"start":{"line":12,"column":4},"end":{"line":12,"column":30}},"4":{"start":{"line":17,"column":0},"end":{"line":17,"column":30}}},"fnMap":{"0":{"name":"(anonymous_0)","decl":{"start":{"line":8,"column":2},"end":{"line":8,"column":3}},"loc":{"start":{"line":8,"column":31},"end":{"line":13,"column":3}},"line":8}},"branchMap":{},"s":{"0":0,"1":0,"2":0,"3":0,"4":2},"f":{"0":0},"b":{},"_coverageSchema":"1a1c01bbd47fc00a2c39e90264f33305004495a9","hash":"a929a3714ab33170961b83c5055e50ba0eb62869"}
,"C:\\Users\\erhar\\bootcamp\\exercises\\JS\\Node\\express-biztime\\routes\\companies.js": {"path":"C:\\Users\\erhar\\bootcamp\\exercises\\JS\\Node\\express-biztime\\routes\\companies.js","statementMap":{"0":{"start":{"line":1,"column":16},"end":{"line":1,"column":34}},"1":{"start":{"line":2,"column":15},"end":{"line":2,"column":35}},"2":{"start":{"line":3,"column":11},"end":{"line":3,"column":27}},"3":{"start":{"line":5,"column":16},"end":{"line":5,"column":34}},"4":{"start":{"line":7,"column":0},"end":{"line":20,"column":3}},"5":{"start":{"line":8,"column":2},"end":{"line":19,"column":3}},"6":{"start":{"line":9,"column":34},"end":{"line":9,"column":42}},"7":{"start":{"line":11,"column":14},"end":{"line":14,"column":5}},"8":{"start":{"line":15,"column":4},"end":{"line":15,"column":44}},"9":{"start":{"line":17,"column":4},"end":{"line":17,"column":21}},"10":{"start":{"line":18,"column":4},"end":{"line":18,"column":21}},"11":{"start":{"line":22,"column":0},"end":{"line":30,"column":3}},"12":{"start":{"line":23,"column":2},"end":{"line":29,"column":3}},"13":{"start":{"line":24,"column":4},"end":{"line":24,"column":51}},"14":{"start":{"line":26,"column":4},"end":{"line":26,"column":48}},"15":{"start":{"line":28,"column":4},"end":{"line":28,"column":21}},"16":{"start":{"line":32,"column":0},"end":{"line":48,"column":3}},"17":{"start":{"line":33,"column":2},"end":{"line":47,"column":3}},"18":{"start":{"line":34,"column":21},"end":{"line":34,"column":31}},"19":{"start":{"line":35,"column":4},"end":{"line":35,"column":75}},"20":{"start":{"line":37,"column":4},"end":{"line":37,"column":21}},"21":{"start":{"line":39,"column":4},"end":{"line":39,"column":79}},"22":{"start":{"line":41,"column":4},"end":{"line":44,"column":7}},"23":{"start":{"line":46,"column":4},"end":{"line":46,"column":21}},"24":{"start":{"line":50,"column":0},"end":{"line":67,"column":3}},"25":{"start":{"line":51,"column":2},"end":{"line":66,"column":3}},"26":{"start":{"line":52,"column":21},"end":{"line":52,"column":31}},"27":{"start":{"line":54,"column":34},"end":{"line":54,"column":42}},"28":{"start":{"line":55,"column":4},"end":{"line":58,"column":6}},"29":{"start":{"line":60,"column":4},"end":{"line":60,"column":21}},"30":{"start":{"line":62,"column":4},"end":{"line":62,"column":44}},"31":{"start":{"line":64,"column":4},"end":{"line":64,"column":21}},"32":{"start":{"line":65,"column":4},"end":{"line":65,"column":21}},"33":{"start":{"line":69,"column":0},"end":{"line":81,"column":3}},"34":{"start":{"line":70,"column":2},"end":{"line":80,"column":3}},"35":{"start":{"line":71,"column":21},"end":{"line":71,"column":31}},"36":{"start":{"line":73,"column":4},"end":{"line":73,"column":71}},"37":{"start":{"line":75,"column":4},"end":{"line":75,"column":21}},"38":{"start":{"line":77,"column":4},"end":{"line":77,"column":43}},"39":{"start":{"line":79,"column":4},"end":{"line":79,"column":21}},"40":{"start":{"line":84,"column":2},"end":{"line":87,"column":3}},"41":{"start":{"line":86,"column":4},"end":{"line":86,"column":18}},"42":{"start":{"line":90,"column":0},"end":{"line":90,"column":24}}},"fnMap":{"0":{"name":"(anonymous_0)","decl":{"start":{"line":7,"column":17},"end":{"line":7,"column":18}},"loc":{"start":{"line":7,"column":49},"end":{"line":20,"column":1}},"line":7},"1":{"name":"(anonymous_1)","decl":{"start":{"line":22,"column":16},"end":{"line":22,"column":17}},"loc":{"start":{"line":22,"column":48},"end":{"line":30,"column":1}},"line":22},"2":{"name":"(anonymous_2)","decl":{"start":{"line":32,"column":21},"end":{"line":32,"column":22}},"loc":{"start":{"line":32,"column":53},"end":{"line":48,"column":1}},"line":32},"3":{"name":"(anonymous_3)","decl":{"start":{"line":50,"column":21},"end":{"line":50,"column":22}},"loc":{"start":{"line":50,"column":53},"end":{"line":67,"column":1}},"line":50},"4":{"name":"(anonymous_4)","decl":{"start":{"line":69,"column":24},"end":{"line":69,"column":25}},"loc":{"start":{"line":69,"column":56},"end":{"line":81,"column":1}},"line":69},"5":{"name":"isValid","decl":{"start":{"line":83,"column":9},"end":{"line":83,"column":16}},"loc":{"start":{"line":83,"column":30},"end":{"line":88,"column":1}},"line":83}},"branchMap":{"0":{"loc":{"start":{"line":43,"column":16},"end":{"line":43,"column":43}},"type":"cond-expr","locations":[{"start":{"line":43,"column":25},"end":{"line":43,"column":36}},{"start":{"line":43,"column":39},"end":{"line":43,"column":43}}],"line":43},"1":{"loc":{"start":{"line":84,"column":2},"end":{"line":87,"column":3}},"type":"if","locations":[{"start":{"line":84,"column":2},"end":{"line":87,"column":3}},{"start":{"line":85,"column":9},"end":{"line":87,"column":3}}],"line":84}},"s":{"0":2,"1":2,"2":2,"3":2,"4":2,"5":5,"6":5,"7":5,"8":1,"9":4,"10":4,"11":2,"12":1,"13":1,"14":1,"15":0,"16":2,"17":2,"18":2,"19":2,"20":2,"21":2,"22":2,"23":0,"24":2,"25":1,"26":1,"27":1,"28":1,"29":1,"30":1,"31":0,"32":0,"33":2,"34":1,"35":1,"36":1,"37":1,"38":1,"39":0,"40":4,"41":0,"42":2},"f":{"0":5,"1":1,"2":2,"3":1,"4":1,"5":4},"b":{"0":[2,0],"1":[4,0]},"_coverageSchema":"1a1c01bbd47fc00a2c39e90264f33305004495a9","hash":"21e8870e585817cb8265bc582b7e8d25f38b1771"}
,"C:\\Users\\erhar\\bootcamp\\exercises\\JS\\Node\\express-biztime\\routes\\invoices.js": {"path":"C:\\Users\\erhar\\bootcamp\\exercises\\JS\\Node\\express-biztime\\routes\\invoices.js","statementMap":{"0":{"start":{"line":1,"column":16},"end":{"line":1,"column":34}},"1":{"start":{"line":2,"column":15},"end":{"line":2,"column":35}},"2":{"start":{"line":3,"column":11},"end":{"line":3,"column":27}},"3":{"start":{"line":5,"column":0},"end":{"line":19,"column":3}},"4":{"start":{"line":6,"column":2},"end":{"line":18,"column":3}},"5":{"start":{"line":7,"column":31},"end":{"line":7,"column":39}},"6":{"start":{"line":9,"column":14},"end":{"line":12,"column":5}},"7":{"start":{"line":14,"column":4},"end":{"line":14,"column":44}},"8":{"start":{"line":16,"column":4},"end":{"line":16,"column":20}},"9":{"start":{"line":17,"column":4},"end":{"line":17,"column":21}},"10":{"start":{"line":21,"column":0},"end":{"line":29,"column":3}},"11":{"start":{"line":22,"column":2},"end":{"line":28,"column":3}},"12":{"start":{"line":23,"column":4},"end":{"line":23,"column":50}},"13":{"start":{"line":25,"column":4},"end":{"line":25,"column":47}},"14":{"start":{"line":27,"column":4},"end":{"line":27,"column":21}},"15":{"start":{"line":31,"column":0},"end":{"line":43,"column":3}},"16":{"start":{"line":32,"column":2},"end":{"line":42,"column":3}},"17":{"start":{"line":33,"column":19},"end":{"line":33,"column":29}},"18":{"start":{"line":34,"column":4},"end":{"line":34,"column":70}},"19":{"start":{"line":36,"column":4},"end":{"line":36,"column":21}},"20":{"start":{"line":38,"column":4},"end":{"line":38,"column":44}},"21":{"start":{"line":40,"column":4},"end":{"line":40,"column":20}},"22":{"start":{"line":41,"column":4},"end":{"line":41,"column":21}},"23":{"start":{"line":45,"column":0},"end":{"line":70,"column":3}},"24":{"start":{"line":46,"column":2},"end":{"line":69,"column":3}},"25":{"start":{"line":47,"column":19},"end":{"line":47,"column":29}},"26":{"start":{"line":49,"column":26},"end":{"line":49,"column":34}},"27":{"start":{"line":50,"column":4},"end":{"line":53,"column":7}},"28":{"start":{"line":55,"column":4},"end":{"line":60,"column":5}},"29":{"start":{"line":56,"column":10},"end":{"line":59,"column":12}},"30":{"start":{"line":63,"column":4},"end":{"line":63,"column":21}},"31":{"start":{"line":65,"column":4},"end":{"line":65,"column":44}},"32":{"start":{"line":67,"column":4},"end":{"line":67,"column":20}},"33":{"start":{"line":68,"column":4},"end":{"line":68,"column":21}},"34":{"start":{"line":72,"column":0},"end":{"line":84,"column":3}},"35":{"start":{"line":73,"column":2},"end":{"line":83,"column":3}},"36":{"start":{"line":74,"column":19},"end":{"line":74,"column":29}},"37":{"start":{"line":76,"column":4},"end":{"line":76,"column":66}},"38":{"start":{"line":78,"column":4},"end":{"line":78,"column":21}},"39":{"start":{"line":80,"column":4},"end":{"line":80,"column":43}},"40":{"start":{"line":82,"column":4},"end":{"line":82,"column":21}},"41":{"start":{"line":87,"column":2},"end":{"line":90,"column":3}},"42":{"start":{"line":89,"column":4},"end":{"line":89,"column":18}},"43":{"start":{"line":93,"column":0},"end":{"line":93,"column":24}}},"fnMap":{"0":{"name":"(anonymous_0)","decl":{"start":{"line":5,"column":17},"end":{"line":5,"column":18}},"loc":{"start":{"line":5,"column":49},"end":{"line":19,"column":1}},"line":5},"1":{"name":"(anonymous_1)","decl":{"start":{"line":21,"column":16},"end":{"line":21,"column":17}},"loc":{"start":{"line":21,"column":48},"end":{"line":29,"column":1}},"line":21},"2":{"name":"(anonymous_2)","decl":{"start":{"line":31,"column":19},"end":{"line":31,"column":20}},"loc":{"start":{"line":31,"column":51},"end":{"line":43,"column":1}},"line":31},"3":{"name":"(anonymous_3)","decl":{"start":{"line":45,"column":19},"end":{"line":45,"column":20}},"loc":{"start":{"line":45,"column":51},"end":{"line":70,"column":1}},"line":45},"4":{"name":"(anonymous_4)","decl":{"start":{"line":72,"column":22},"end":{"line":72,"column":23}},"loc":{"start":{"line":72,"column":54},"end":{"line":84,"column":1}},"line":72},"5":{"name":"isValid","decl":{"start":{"line":86,"column":9},"end":{"line":86,"column":16}},"loc":{"start":{"line":86,"column":30},"end":{"line":91,"column":1}},"line":86}},"branchMap":{"0":{"loc":{"start":{"line":55,"column":4},"end":{"line":60,"column":5}},"type":"if","locations":[{"start":{"line":55,"column":4},"end":{"line":60,"column":5}},{"start":{},"end":{}}],"line":55},"1":{"loc":{"start":{"line":87,"column":2},"end":{"line":90,"column":3}},"type":"if","locations":[{"start":{"line":87,"column":2},"end":{"line":90,"column":3}},{"start":{"line":88,"column":9},"end":{"line":90,"column":3}}],"line":87}},"s":{"0":2,"1":2,"2":2,"3":2,"4":3,"5":3,"6":3,"7":1,"8":2,"9":2,"10":2,"11":1,"12":1,"13":1,"14":0,"15":2,"16":1,"17":1,"18":1,"19":1,"20":1,"21":0,"22":0,"23":2,"24":2,"25":2,"26":2,"27":2,"28":2,"29":1,"30":2,"31":2,"32":0,"33":0,"34":2,"35":1,"36":1,"37":1,"38":1,"39":1,"40":0,"41":4,"42":0,"43":2},"f":{"0":3,"1":1,"2":1,"3":2,"4":1,"5":4},"b":{"0":[1,1],"1":[4,0]},"_coverageSchema":"1a1c01bbd47fc00a2c39e90264f33305004495a9","hash":"d296b8f1cf07094bc85ac6289482ff4778e06652"}
}
