TN:
SF:app.js
FN:20,(anonymous_0)
FN:27,(anonymous_1)
FN:36,(anonymous_2)
FNF:3
FNH:2
FNDA:0,(anonymous_0)
FNDA:6,(anonymous_1)
FNDA:2,(anonymous_2)
DA:3,2
DA:5,2
DA:6,2
DA:8,2
DA:9,2
DA:11,2
DA:15,2
DA:16,2
DA:20,2
DA:21,0
DA:22,0
DA:27,2
DA:28,6
DA:30,6
DA:36,2
DA:37,2
DA:40,2
LF:17
LH:15
BRDA:28,0,0,6
BRDA:28,0,1,0
BRF:2
BRH:1
end_of_record
TN:
SF:db.js
FNF:0
FNH:0
DA:3,2
DA:7,2
DA:8,2
DA:10,0
DA:13,2
DA:17,2
DA:19,2
LF:7
LH:6
BRDA:7,0,0,2
BRDA:7,0,1,0
BRF:2
BRH:1
end_of_record
TN:
SF:expressError.js
FN:8,(anonymous_0)
FNF:1
FNH:0
FNDA:0,(anonymous_0)
DA:9,0
DA:10,0
DA:11,0
DA:12,0
DA:17,2
LF:5
LH:1
BRF:0
BRH:0
end_of_record
TN:
SF:routes\companies.js
FN:7,(anonymous_0)
FN:22,(anonymous_1)
FN:32,(anonymous_2)
FN:50,(anonymous_3)
FN:69,(anonymous_4)
FN:83,isValid
FNF:6
FNH:6
FNDA:5,(anonymous_0)
FNDA:1,(anonymous_1)
FNDA:2,(anonymous_2)
FNDA:1,(anonymous_3)
FNDA:1,(anonymous_4)
FNDA:4,isValid
DA:1,2
DA:2,2
DA:3,2
DA:5,2
DA:7,2
DA:8,5
DA:9,5
DA:11,5
DA:15,1
DA:17,4
DA:18,4
DA:22,2
DA:23,1
DA:24,1
DA:26,1
DA:28,0
DA:32,2
DA:33,2
DA:34,2
DA:35,2
DA:37,2
DA:39,2
DA:41,2
DA:46,0
DA:50,2
DA:51,1
DA:52,1
DA:54,1
DA:55,1
DA:60,1
DA:62,1
DA:64,0
DA:65,0
DA:69,2
DA:70,1
DA:71,1
DA:73,1
DA:75,1
DA:77,1
DA:79,0
DA:84,4
DA:86,0
DA:90,2
LF:43
LH:37
BRDA:43,0,0,2
BRDA:43,0,1,0
BRDA:84,1,0,4
BRDA:84,1,1,0
BRF:4
BRH:2
end_of_record
TN:
SF:routes\invoices.js
FN:5,(anonymous_0)
FN:21,(anonymous_1)
FN:31,(anonymous_2)
FN:45,(anonymous_3)
FN:72,(anonymous_4)
FN:86,isValid
FNF:6
FNH:6
FNDA:3,(anonymous_0)
FNDA:1,(anonymous_1)
FNDA:1,(anonymous_2)
FNDA:2,(anonymous_3)
FNDA:1,(anonymous_4)
FNDA:4,isValid
DA:1,2
DA:2,2
DA:3,2
DA:5,2
DA:6,3
DA:7,3
DA:9,3
DA:14,1
DA:16,2
DA:17,2
DA:21,2
DA:22,1
DA:23,1
DA:25,1
DA:27,0
DA:31,2
DA:32,1
DA:33,1
DA:34,1
DA:36,1
DA:38,1
DA:40,0
DA:41,0
DA:45,2
DA:46,2
DA:47,2
DA:49,2
DA:50,2
DA:55,2
DA:56,1
DA:63,2
DA:65,2
DA:67,0
DA:68,0
DA:72,2
DA:73,1
DA:74,1
DA:76,1
DA:78,1
DA:80,1
DA:82,0
DA:87,4
DA:89,0
DA:93,2
LF:44
LH:37
BRDA:55,0,0,1
BRDA:55,0,1,1
BRDA:87,1,0,4
BRDA:87,1,1,0
BRF:4
BRH:3
end_of_record
